{
  "RSpec": {
    "coverage": {
      "/Users/juihungkao/PaperDeep/init.rb": {
        "lines": [
          1
        ]
      },
      "/Users/juihungkao/PaperDeep/lib/init.rb": {
        "lines": [
          null,
          null,
          1,
          null,
          3,
          3,
          null,
          null
        ]
      },
      "/Users/juihungkao/PaperDeep/lib/entities/paper.rb": {
        "lines": [
          null,
          null,
          1,
          1,
          null,
          1,
          1,
          null,
          1,
          1,
          1,
          1,
          1,
          1,
          1,
          1,
          1,
          1,
          null,
          1,
          null,
          0,
          null,
          null,
          null,
          null,
          null,
          null,
          null,
          null,
          null,
          null,
          null,
          null
        ]
      },
      "/Users/juihungkao/PaperDeep/lib/gateways/scopus_api.rb": {
        "lines": [
          null,
          null,
          1,
          1,
          1,
          null,
          null,
          null,
          null,
          1,
          null,
          null,
          null,
          1,
          1,
          null,
          null,
          null,
          1,
          null,
          1,
          null,
          1,
          null,
          null,
          null,
          1,
          null,
          null,
          null,
          1,
          null,
          1,
          2,
          null,
          null,
          null,
          null,
          null,
          null,
          null,
          null,
          1,
          9,
          null,
          null,
          1,
          9,
          null,
          9,
          null,
          null,
          null,
          null,
          9,
          9,
          null,
          null,
          1,
          9,
          9,
          null,
          9,
          9,
          null,
          8,
          null,
          null,
          null,
          null,
          null,
          null,
          null
        ]
      },
      "/Users/juihungkao/PaperDeep/lib/mappers/paper_mapper.rb": {
        "lines": [
          null,
          1,
          1,
          1,
          1,
          1,
          1,
          1,
          null,
          null,
          1,
          8,
          null,
          null,
          1,
          4,
          100,
          null,
          null,
          null,
          1,
          100,
          null,
          null,
          null,
          null,
          1,
          null,
          1,
          100,
          null,
          null,
          1,
          null,
          1,
          100,
          null,
          null,
          1,
          100,
          null,
          null,
          1,
          100,
          null,
          null,
          1,
          100,
          null,
          null,
          1,
          100,
          null,
          null,
          1,
          400,
          100,
          null,
          null,
          1,
          100,
          null,
          null,
          1,
          100,
          null,
          null,
          1,
          100,
          null,
          null,
          null,
          null,
          null,
          null,
          null,
          null,
          null,
          null,
          null,
          null,
          null,
          null,
          null,
          null,
          null,
          null
        ]
      }
    },
    "timestamp": 1635324669
  }
}
